Using pre-set license

 COMMAND LINE ARGUMENTS:
/Applications/Unity/Hub/Editor/2021.1.3f1/Unity.app/Contents/MacOS/Unity
-adb2
-batchMode
-noUpm
-name
AssetImportWorker0
-projectPath
/Users/rowaidamahameed/Documents/GitHub/ComputerGraphicsLab2021b/CGLab2021b
-logFile
Logs/AssetImportWorker0.log
-srvPort
61001
Successfully changed project path to: /Users/rowaidamahameed/Documents/GitHub/ComputerGraphicsLab2021b/CGLab2021b
/Users/rowaidamahameed/Documents/GitHub/ComputerGraphicsLab2021b/CGLab2021b
Using Asset Import Pipeline V2.
Refreshing native plugins compatible for Editor in 135.37 ms, found 1 plugins.
Preloading 0 native plugins for Editor in 0.00 ms.
Initialize engine version: 2021.1.3f1 (4bef613afd59)
[Subsystems] Discovering subsystems at path /Applications/Unity/Hub/Editor/2021.1.3f1/Unity.app/Contents/Resources/UnitySubsystems
[Subsystems] Discovering subsystems at path /Users/rowaidamahameed/Documents/GitHub/ComputerGraphicsLab2021b/CGLab2021b/Assets
GfxDevice: creating device client; threaded=0; jobified=0
2021-06-06 14:38:13.252 Unity[11709:631520] Color LCD preferred device: AMD Radeon Pro 555 (high power)
2021-06-06 14:38:13.252 Unity[11709:631520] Metal devices available: 2
2021-06-06 14:38:13.253 Unity[11709:631520] 0: AMD Radeon Pro 555 (high power)
2021-06-06 14:38:13.253 Unity[11709:631520] 1: Intel(R) HD Graphics 630 (low power)
2021-06-06 14:38:13.253 Unity[11709:631520] Using device AMD Radeon Pro 555 (high power)
Initializing Metal device caps: AMD Radeon Pro 555
Initialize mono
Mono path[0] = '/Applications/Unity/Hub/Editor/2021.1.3f1/Unity.app/Contents/Managed'
Mono path[1] = '/Applications/Unity/Hub/Editor/2021.1.3f1/Unity.app/Contents/MonoBleedingEdge/lib/mono/unityjit'
Mono config path = '/Applications/Unity/Hub/Editor/2021.1.3f1/Unity.app/Contents/MonoBleedingEdge/etc'
Using monoOptions --debugger-agent=transport=dt_socket,embedding=1,server=y,suspend=n,address=127.0.0.1:56709
Begin MonoManager ReloadAssembly
Registering precompiled unity dll's ...
Register platform support module: /Applications/Unity/Hub/Editor/2021.1.3f1/Unity.app/Contents/PlaybackEngines/MacStandaloneSupport/UnityEditor.OSXStandalone.Extensions.dll
Registered in 0.000968 seconds.
Native extension for OSXStandalone target not found
Refreshing native plugins compatible for Editor in 161.97 ms, found 1 plugins.
Preloading 0 native plugins for Editor in 0.00 ms.
Mono: successfully reloaded assembly
- Completed reload, in  4.287 seconds
Platform modules already initialized, skipping
Registering precompiled user dll's ...
Registered in 0.002434 seconds.
Begin MonoManager ReloadAssembly
Native extension for OSXStandalone target not found
Refreshing native plugins compatible for Editor in 0.79 ms, found 1 plugins.
Preloading 0 native plugins for Editor in 0.00 ms.
Mono: successfully reloaded assembly
- Completed reload, in  1.619 seconds
Platform modules already initialized, skipping
========================================================================
Worker process is ready to serve import requests
Launching external process: /Applications/Unity/Hub/Editor/2021.1.3f1/Unity.app/Contents/Tools/UnityShaderCompiler
Launched and connected shader compiler UnityShaderCompiler after 0.02 seconds
Refreshing native plugins compatible for Editor in 0.94 ms, found 1 plugins.
Preloading 0 native plugins for Editor in 0.00 ms.
Unloading 2764 Unused Serialized files (Serialized files now loaded: 0)
System memory in use before: 173.8 MB.
System memory in use after: 174.0 MB.

Unloading 27 unused Assets to reduce memory usage. Loaded Objects now: 3204.
Total: 4.369292 ms (FindLiveObjects: 0.445996 ms CreateObjectMapping: 0.267151 ms MarkObjects: 3.547949 ms  DeleteObjects: 0.106080 ms)

========================================================================
Received Import Request.
  path: Packages/com.unity.mobile.android-logcat/Editor/Resources/consola.ttf
  artifactKey: Guid(b8af58820f69b474e8f63dc40a702fbc) Importer(815301076,1909f56bfc062723c751e8b465ee728b)
Start importing Packages/com.unity.mobile.android-logcat/Editor/Resources/consola.ttf using Guid(b8af58820f69b474e8f63dc40a702fbc) Importer(815301076,1909f56bfc062723c751e8b465ee728b)  -> (artifact id: '2f59b6b1f4cac1501d1859d6bf403e98') in 2.894687 seconds 
