Using pre-set license

 COMMAND LINE ARGUMENTS:
/Applications/Unity/Hub/Editor/2021.1.3f1/Unity.app/Contents/MacOS/Unity
-adb2
-batchMode
-noUpm
-name
AssetImportWorker0
-projectPath
/Users/rowaidamahameed/Documents/GitHub/ComputerGraphicsLab2021b/GCLab2021b
-logFile
Logs/AssetImportWorker0.log
-srvPort
64973
Successfully changed project path to: /Users/rowaidamahameed/Documents/GitHub/ComputerGraphicsLab2021b/GCLab2021b
/Users/rowaidamahameed/Documents/GitHub/ComputerGraphicsLab2021b/GCLab2021b
Using Asset Import Pipeline V2.
Refreshing native plugins compatible for Editor in 123.55 ms, found 1 plugins.
Preloading 0 native plugins for Editor in 0.00 ms.
Initialize engine version: 2021.1.3f1 (4bef613afd59)
[Subsystems] Discovering subsystems at path /Applications/Unity/Hub/Editor/2021.1.3f1/Unity.app/Contents/Resources/UnitySubsystems
[Subsystems] Discovering subsystems at path /Users/rowaidamahameed/Documents/GitHub/ComputerGraphicsLab2021b/GCLab2021b/Assets
GfxDevice: creating device client; threaded=0; jobified=0
2021-11-27 09:03:17.566 Unity[12100:959733] Color LCD preferred device: Intel(R) HD Graphics 630 (low power)
2021-11-27 09:03:17.566 Unity[12100:959733] Metal devices available: 2
2021-11-27 09:03:17.566 Unity[12100:959733] 0: AMD Radeon Pro 555 (high power)
2021-11-27 09:03:17.566 Unity[12100:959733] 1: Intel(R) HD Graphics 630 (low power)
2021-11-27 09:03:17.567 Unity[12100:959733] Using device AMD Radeon Pro 555 (high power)
Initializing Metal device caps: AMD Radeon Pro 555
Shader 'Mikkel_LightMapped_1map': fallback shader 'VDiffuse' not found
Initialize mono
Mono path[0] = '/Applications/Unity/Hub/Editor/2021.1.3f1/Unity.app/Contents/Managed'
Mono path[1] = '/Applications/Unity/Hub/Editor/2021.1.3f1/Unity.app/Contents/MonoBleedingEdge/lib/mono/unityjit'
Mono config path = '/Applications/Unity/Hub/Editor/2021.1.3f1/Unity.app/Contents/MonoBleedingEdge/etc'
Using monoOptions --debugger-agent=transport=dt_socket,embedding=1,server=y,suspend=n,address=127.0.0.1:56100
Begin MonoManager ReloadAssembly
Registering precompiled unity dll's ...
Register platform support module: /Applications/Unity/Hub/Editor/2021.1.3f1/Unity.app/Contents/PlaybackEngines/MacStandaloneSupport/UnityEditor.OSXStandalone.Extensions.dll
Registered in 0.000583 seconds.
Native extension for OSXStandalone target not found
Refreshing native plugins compatible for Editor in 137.74 ms, found 1 plugins.
Preloading 0 native plugins for Editor in 0.00 ms.
Mono: successfully reloaded assembly
- Completed reload, in  4.859 seconds
Platform modules already initialized, skipping
Registering precompiled user dll's ...
Registered in 0.002509 seconds.
Begin MonoManager ReloadAssembly
Native extension for OSXStandalone target not found
Refreshing native plugins compatible for Editor in 1.37 ms, found 1 plugins.
Preloading 0 native plugins for Editor in 0.00 ms.
Mono: successfully reloaded assembly
- Completed reload, in  1.363 seconds
Platform modules already initialized, skipping
========================================================================
Worker process is ready to serve import requests
Shader 'Mikkel_LightMapped_1map': fallback shader 'VDiffuse' not found
Launching external process: /Applications/Unity/Hub/Editor/2021.1.3f1/Unity.app/Contents/Tools/UnityShaderCompiler
Launched and connected shader compiler UnityShaderCompiler after 0.01 seconds
Refreshing native plugins compatible for Editor in 0.93 ms, found 1 plugins.
Preloading 0 native plugins for Editor in 0.00 ms.
Unloading 2859 Unused Serialized files (Serialized files now loaded: 0)
System memory in use before: 214.7 MB.
System memory in use after: 215.0 MB.

Unloading 27 unused Assets to reduce memory usage. Loaded Objects now: 3314.
Total: 2.864814 ms (FindLiveObjects: 0.318550 ms CreateObjectMapping: 0.151850 ms MarkObjects: 2.306987 ms  DeleteObjects: 0.085967 ms)

========================================================================
Received Import Request.
  path: Assets/prefabs/Cars/Car4 1.prefab
  artifactKey: Guid(36e80c1f281854df092e39d572fa226d) Importer(815301076,1909f56bfc062723c751e8b465ee728b)
Start importing Assets/prefabs/Cars/Car4 1.prefab using Guid(36e80c1f281854df092e39d572fa226d) Importer(815301076,1909f56bfc062723c751e8b465ee728b)  -> (artifact id: '2cff5caa15a579521808a35c18d747b5') in 1.635006 seconds 
========================================================================
Received Import Request.
  Time since last request: 10.176908 seconds.
  path: Assets/prefabs/Cars/Car4.prefab
  artifactKey: Guid(e28d62a67aaa343c1b2efcfcbe40dc8a) Importer(815301076,1909f56bfc062723c751e8b465ee728b)
Start importing Assets/prefabs/Cars/Car4.prefab using Guid(e28d62a67aaa343c1b2efcfcbe40dc8a) Importer(815301076,1909f56bfc062723c751e8b465ee728b)  -> (artifact id: 'f53496f225262ba4c4ccec62481d1499') in 0.029606 seconds 
========================================================================
Received Import Request.
  Time since last request: 2.586137 seconds.
  path: Assets/prefabs/Cars/Car4.prefab
  artifactKey: Guid(e28d62a67aaa343c1b2efcfcbe40dc8a) Importer(815301076,1909f56bfc062723c751e8b465ee728b)
Start importing Assets/prefabs/Cars/Car4.prefab using Guid(e28d62a67aaa343c1b2efcfcbe40dc8a) Importer(815301076,1909f56bfc062723c751e8b465ee728b)  -> (artifact id: '202eadc9a0ed6ffb9f84c042b71ec1f5') in 0.029407 seconds 
========================================================================
Received Import Request.
  Time since last request: 4.844051 seconds.
  path: Assets/prefabs/Cars/Car4.prefab
  artifactKey: Guid(e28d62a67aaa343c1b2efcfcbe40dc8a) Importer(815301076,1909f56bfc062723c751e8b465ee728b)
Start importing Assets/prefabs/Cars/Car4.prefab using Guid(e28d62a67aaa343c1b2efcfcbe40dc8a) Importer(815301076,1909f56bfc062723c751e8b465ee728b)  -> (artifact id: '881e260f30414f6e7a42753d38f9ed0c') in 0.021175 seconds 
========================================================================
Received Import Request.
  Time since last request: 2.584720 seconds.
  path: Assets/prefabs/Cars/Car4.prefab
  artifactKey: Guid(e28d62a67aaa343c1b2efcfcbe40dc8a) Importer(815301076,1909f56bfc062723c751e8b465ee728b)
Start importing Assets/prefabs/Cars/Car4.prefab using Guid(e28d62a67aaa343c1b2efcfcbe40dc8a) Importer(815301076,1909f56bfc062723c751e8b465ee728b)  -> (artifact id: 'c14f2681e58af6c3e331219846c81dc8') in 0.022902 seconds 
========================================================================
Received Import Request.
  Time since last request: 10.328379 seconds.
  path: Assets/prefabs/Cars/Car405.prefab
  artifactKey: Guid(36e80c1f281854df092e39d572fa226d) Importer(815301076,1909f56bfc062723c751e8b465ee728b)
Start importing Assets/prefabs/Cars/Car405.prefab using Guid(36e80c1f281854df092e39d572fa226d) Importer(815301076,1909f56bfc062723c751e8b465ee728b)  -> (artifact id: '403de2112a8d71e1d3b3c5e02150493f') in 0.040732 seconds 
========================================================================
Received Prepare
Registering precompiled user dll's ...
Registered in 0.002640 seconds.
Begin MonoManager ReloadAssembly
Native extension for OSXStandalone target not found
Refreshing native plugins compatible for Editor in 1.02 ms, found 1 plugins.
Preloading 0 native plugins for Editor in 0.00 ms.
Mono: successfully reloaded assembly
- Completed reload, in  1.184 seconds
Platform modules already initialized, skipping
Switching build target platform(2) subTarget(0) extendedPlatform(0) -> platform(13) subTarget(537395200) extendedPlatform(0)
Shader 'Mikkel_LightMapped_1map': fallback shader 'VDiffuse' not found
Refreshing native plugins compatible for Editor in 1.28 ms, found 1 plugins.
Preloading 0 native plugins for Editor in 0.00 ms.
Unloading 2841 Unused Serialized files (Serialized files now loaded: 0)
System memory in use before: 219.3 MB.
System memory in use after: 219.6 MB.

Unloading 22 unused Assets to reduce memory usage. Loaded Objects now: 3324.
Total: 2.771456 ms (FindLiveObjects: 0.313327 ms CreateObjectMapping: 0.175741 ms MarkObjects: 2.257722 ms  DeleteObjects: 0.023286 ms)

AssetImportParameters requested are different than current active one (requested -> active):
  custom:graphics/normal-map-encoding: 01000000000000000000000000000000 -> 02000000000000000000000000000000
========================================================================
Received Prepare
Registering precompiled user dll's ...
Registered in 0.002165 seconds.
Begin MonoManager ReloadAssembly
Native extension for OSXStandalone target not found
Refreshing native plugins compatible for Editor in 1.00 ms, found 1 plugins.
Preloading 0 native plugins for Editor in 0.00 ms.
Mono: successfully reloaded assembly
- Completed reload, in  1.474 seconds
Platform modules already initialized, skipping
Switching build target platform(2) subTarget(0) extendedPlatform(0) -> platform(13) subTarget(537395200) extendedPlatform(0)
Shader 'Mikkel_LightMapped_1map': fallback shader 'VDiffuse' not found
Refreshing native plugins compatible for Editor in 0.96 ms, found 1 plugins.
Preloading 0 native plugins for Editor in 0.00 ms.
Unloading 2841 Unused Serialized files (Serialized files now loaded: 0)
System memory in use before: 219.6 MB.
System memory in use after: 219.9 MB.

Unloading 22 unused Assets to reduce memory usage. Loaded Objects now: 3327.
Total: 2.515178 ms (FindLiveObjects: 0.303706 ms CreateObjectMapping: 0.149627 ms MarkObjects: 2.040552 ms  DeleteObjects: 0.019790 ms)

AssetImportParameters requested are different than current active one (requested -> active):
  custom:graphics/normal-map-encoding: 01000000000000000000000000000000 -> 02000000000000000000000000000000
========================================================================
Received Prepare
Registering precompiled user dll's ...
Registered in 0.002090 seconds.
Begin MonoManager ReloadAssembly
Native extension for OSXStandalone target not found
Refreshing native plugins compatible for Editor in 0.97 ms, found 1 plugins.
Preloading 0 native plugins for Editor in 0.00 ms.
Mono: successfully reloaded assembly
- Completed reload, in  1.197 seconds
Platform modules already initialized, skipping
Switching build target platform(2) subTarget(0) extendedPlatform(0) -> platform(13) subTarget(537395200) extendedPlatform(0)
Shader 'Mikkel_LightMapped_1map': fallback shader 'VDiffuse' not found
Refreshing native plugins compatible for Editor in 1.28 ms, found 1 plugins.
Preloading 0 native plugins for Editor in 0.00 ms.
Unloading 2841 Unused Serialized files (Serialized files now loaded: 0)
System memory in use before: 219.9 MB.
System memory in use after: 220.1 MB.

Unloading 22 unused Assets to reduce memory usage. Loaded Objects now: 3330.
Total: 3.387660 ms (FindLiveObjects: 0.283133 ms CreateObjectMapping: 0.241588 ms MarkObjects: 2.837953 ms  DeleteObjects: 0.022926 ms)

AssetImportParameters requested are different than current active one (requested -> active):
  custom:graphics/normal-map-encoding: 01000000000000000000000000000000 -> 02000000000000000000000000000000
========================================================================
Received Prepare
Registering precompiled user dll's ...
Registered in 0.002717 seconds.
Begin MonoManager ReloadAssembly
Native extension for OSXStandalone target not found
Refreshing native plugins compatible for Editor in 0.96 ms, found 1 plugins.
Preloading 0 native plugins for Editor in 0.00 ms.
Mono: successfully reloaded assembly
- Completed reload, in  1.264 seconds
Platform modules already initialized, skipping
Switching build target platform(2) subTarget(0) extendedPlatform(0) -> platform(13) subTarget(537395200) extendedPlatform(0)
Shader 'Mikkel_LightMapped_1map': fallback shader 'VDiffuse' not found
Refreshing native plugins compatible for Editor in 1.08 ms, found 1 plugins.
Preloading 0 native plugins for Editor in 0.00 ms.
Unloading 2841 Unused Serialized files (Serialized files now loaded: 0)
System memory in use before: 220.1 MB.
System memory in use after: 220.4 MB.

Unloading 22 unused Assets to reduce memory usage. Loaded Objects now: 3333.
Total: 2.530850 ms (FindLiveObjects: 0.317461 ms CreateObjectMapping: 0.177857 ms MarkObjects: 2.013106 ms  DeleteObjects: 0.019048 ms)

AssetImportParameters requested are different than current active one (requested -> active):
  custom:graphics/normal-map-encoding: 01000000000000000000000000000000 -> 02000000000000000000000000000000
========================================================================
Received Import Request.
  Time since last request: 205.657983 seconds.
  path: Assets/prefabs/Cars/Car4 1.prefab
  artifactKey: Guid(ffb51f354e7c24c49a39ee09883f844a) Importer(815301076,1909f56bfc062723c751e8b465ee728b)
Start importing Assets/prefabs/Cars/Car4 1.prefab using Guid(ffb51f354e7c24c49a39ee09883f844a) Importer(815301076,1909f56bfc062723c751e8b465ee728b)  -> (artifact id: 'b5f8a87b74da499d2b944314ab35445a') in 0.097245 seconds 
========================================================================
Received Import Request.
  Time since last request: 4.948290 seconds.
  path: Assets/prefabs/Cars/Car05.prefab
  artifactKey: Guid(e28d62a67aaa343c1b2efcfcbe40dc8a) Importer(815301076,1909f56bfc062723c751e8b465ee728b)
Start importing Assets/prefabs/Cars/Car05.prefab using Guid(e28d62a67aaa343c1b2efcfcbe40dc8a) Importer(815301076,1909f56bfc062723c751e8b465ee728b)  -> (artifact id: '363a19f53b774092821ca4381e56f51b') in 0.019916 seconds 
========================================================================
Received Import Request.
  Time since last request: 2.914880 seconds.
  path: Assets/prefabs/Cars/Car4.prefab
  artifactKey: Guid(ffb51f354e7c24c49a39ee09883f844a) Importer(815301076,1909f56bfc062723c751e8b465ee728b)
Start importing Assets/prefabs/Cars/Car4.prefab using Guid(ffb51f354e7c24c49a39ee09883f844a) Importer(815301076,1909f56bfc062723c751e8b465ee728b)  -> (artifact id: '39ac23a2031c267e6513a29bedb7436e') in 0.040380 seconds 
========================================================================
Received Import Request.
  Time since last request: 7.162124 seconds.
  path: Assets/prefabs/Cars/Car05.prefab
  artifactKey: Guid(e28d62a67aaa343c1b2efcfcbe40dc8a) Importer(815301076,1909f56bfc062723c751e8b465ee728b)
Start importing Assets/prefabs/Cars/Car05.prefab using Guid(e28d62a67aaa343c1b2efcfcbe40dc8a) Importer(815301076,1909f56bfc062723c751e8b465ee728b)  -> (artifact id: '7414d3028be00af882fd4d14b7e8c9ec') in 0.021353 seconds 
========================================================================
Received Import Request.
  Time since last request: 5.216445 seconds.
  path: Assets/prefabs/Cars/Car05.prefab
  artifactKey: Guid(e28d62a67aaa343c1b2efcfcbe40dc8a) Importer(815301076,1909f56bfc062723c751e8b465ee728b)
Start importing Assets/prefabs/Cars/Car05.prefab using Guid(e28d62a67aaa343c1b2efcfcbe40dc8a) Importer(815301076,1909f56bfc062723c751e8b465ee728b)  -> (artifact id: '15a80f904a2be4f32b4ad674c3015b65') in 0.039439 seconds 
========================================================================
Received Import Request.
  Time since last request: 5.368755 seconds.
  path: Assets/prefabs/Cars/Car4.prefab
  artifactKey: Guid(ffb51f354e7c24c49a39ee09883f844a) Importer(815301076,1909f56bfc062723c751e8b465ee728b)
Start importing Assets/prefabs/Cars/Car4.prefab using Guid(ffb51f354e7c24c49a39ee09883f844a) Importer(815301076,1909f56bfc062723c751e8b465ee728b)  -> (artifact id: '22d0df265a4203428f71a5fef9c7fd11') in 0.021811 seconds 
========================================================================
Received Prepare
Registering precompiled user dll's ...
Registered in 0.002458 seconds.
Begin MonoManager ReloadAssembly
Native extension for OSXStandalone target not found
Refreshing native plugins compatible for Editor in 0.95 ms, found 1 plugins.
Preloading 0 native plugins for Editor in 0.00 ms.
Mono: successfully reloaded assembly
- Completed reload, in  1.218 seconds
Platform modules already initialized, skipping
Switching build target platform(2) subTarget(0) extendedPlatform(0) -> platform(13) subTarget(537395200) extendedPlatform(0)
Shader 'Mikkel_LightMapped_1map': fallback shader 'VDiffuse' not found
Refreshing native plugins compatible for Editor in 0.95 ms, found 1 plugins.
Preloading 0 native plugins for Editor in 0.00 ms.
Unloading 2841 Unused Serialized files (Serialized files now loaded: 0)
System memory in use before: 220.6 MB.
System memory in use after: 220.8 MB.

Unloading 22 unused Assets to reduce memory usage. Loaded Objects now: 3337.
Total: 3.253216 ms (FindLiveObjects: 0.283903 ms CreateObjectMapping: 0.139970 ms MarkObjects: 2.789141 ms  DeleteObjects: 0.037387 ms)

AssetImportParameters requested are different than current active one (requested -> active):
  custom:graphics/normal-map-encoding: 01000000000000000000000000000000 -> 02000000000000000000000000000000
========================================================================
Received Prepare
Registering precompiled user dll's ...
Registered in 0.002346 seconds.
Begin MonoManager ReloadAssembly
Native extension for OSXStandalone target not found
Refreshing native plugins compatible for Editor in 1.01 ms, found 1 plugins.
Preloading 0 native plugins for Editor in 0.00 ms.
Mono: successfully reloaded assembly
- Completed reload, in  1.253 seconds
Platform modules already initialized, skipping
Switching build target platform(2) subTarget(0) extendedPlatform(0) -> platform(13) subTarget(537395200) extendedPlatform(0)
Shader 'Mikkel_LightMapped_1map': fallback shader 'VDiffuse' not found
Refreshing native plugins compatible for Editor in 0.98 ms, found 1 plugins.
Preloading 0 native plugins for Editor in 0.00 ms.
Unloading 2841 Unused Serialized files (Serialized files now loaded: 0)
System memory in use before: 220.8 MB.
System memory in use after: 221.0 MB.

Unloading 22 unused Assets to reduce memory usage. Loaded Objects now: 3340.
Total: 3.179668 ms (FindLiveObjects: 0.307180 ms CreateObjectMapping: 0.173023 ms MarkObjects: 2.670387 ms  DeleteObjects: 0.026562 ms)

AssetImportParameters requested are different than current active one (requested -> active):
  custom:graphics/normal-map-encoding: 01000000000000000000000000000000 -> 02000000000000000000000000000000
========================================================================
Received Prepare
Registering precompiled user dll's ...
Registered in 0.002983 seconds.
Begin MonoManager ReloadAssembly
Native extension for OSXStandalone target not found
Refreshing native plugins compatible for Editor in 1.01 ms, found 1 plugins.
Preloading 0 native plugins for Editor in 0.00 ms.
Mono: successfully reloaded assembly
- Completed reload, in  1.274 seconds
Platform modules already initialized, skipping
Switching build target platform(2) subTarget(0) extendedPlatform(0) -> platform(13) subTarget(537395200) extendedPlatform(0)
Shader 'Mikkel_LightMapped_1map': fallback shader 'VDiffuse' not found
Refreshing native plugins compatible for Editor in 0.95 ms, found 1 plugins.
Preloading 0 native plugins for Editor in 0.00 ms.
Unloading 2841 Unused Serialized files (Serialized files now loaded: 0)
System memory in use before: 221.0 MB.
System memory in use after: 221.3 MB.

Unloading 22 unused Assets to reduce memory usage. Loaded Objects now: 3343.
Total: 3.544293 ms (FindLiveObjects: 0.378351 ms CreateObjectMapping: 0.228935 ms MarkObjects: 2.902433 ms  DeleteObjects: 0.031066 ms)

AssetImportParameters requested are different than current active one (requested -> active):
  custom:graphics/normal-map-encoding: 01000000000000000000000000000000 -> 02000000000000000000000000000000
========================================================================
Received Prepare
Registering precompiled user dll's ...
Registered in 0.002068 seconds.
Begin MonoManager ReloadAssembly
Native extension for OSXStandalone target not found
Refreshing native plugins compatible for Editor in 1.14 ms, found 1 plugins.
Preloading 0 native plugins for Editor in 0.00 ms.
Mono: successfully reloaded assembly
- Completed reload, in  1.235 seconds
Platform modules already initialized, skipping
Switching build target platform(2) subTarget(0) extendedPlatform(0) -> platform(13) subTarget(537395200) extendedPlatform(0)
Shader 'Mikkel_LightMapped_1map': fallback shader 'VDiffuse' not found
Refreshing native plugins compatible for Editor in 1.00 ms, found 1 plugins.
Preloading 0 native plugins for Editor in 0.00 ms.
Unloading 2841 Unused Serialized files (Serialized files now loaded: 0)
System memory in use before: 221.3 MB.
System memory in use after: 221.5 MB.

Unloading 22 unused Assets to reduce memory usage. Loaded Objects now: 3346.
Total: 2.521275 ms (FindLiveObjects: 0.401231 ms CreateObjectMapping: 0.166087 ms MarkObjects: 1.911776 ms  DeleteObjects: 0.022653 ms)

AssetImportParameters requested are different than current active one (requested -> active):
  custom:graphics/normal-map-encoding: 01000000000000000000000000000000 -> 02000000000000000000000000000000
========================================================================
Received Prepare
Registering precompiled user dll's ...
Registered in 0.002361 seconds.
Begin MonoManager ReloadAssembly
Native extension for OSXStandalone target not found
Refreshing native plugins compatible for Editor in 0.93 ms, found 1 plugins.
Preloading 0 native plugins for Editor in 0.00 ms.
Mono: successfully reloaded assembly
- Completed reload, in  1.240 seconds
Platform modules already initialized, skipping
Switching build target platform(2) subTarget(0) extendedPlatform(0) -> platform(13) subTarget(537395200) extendedPlatform(0)
Shader 'Mikkel_LightMapped_1map': fallback shader 'VDiffuse' not found
Refreshing native plugins compatible for Editor in 0.96 ms, found 1 plugins.
Preloading 0 native plugins for Editor in 0.00 ms.
Unloading 2841 Unused Serialized files (Serialized files now loaded: 0)
System memory in use before: 221.5 MB.
System memory in use after: 221.8 MB.

Unloading 22 unused Assets to reduce memory usage. Loaded Objects now: 3349.
Total: 3.415041 ms (FindLiveObjects: 0.563422 ms CreateObjectMapping: 0.473228 ms MarkObjects: 2.353863 ms  DeleteObjects: 0.022674 ms)

AssetImportParameters requested are different than current active one (requested -> active):
  custom:graphics/normal-map-encoding: 01000000000000000000000000000000 -> 02000000000000000000000000000000
========================================================================
Received Prepare
Registering precompiled user dll's ...
Registered in 0.002117 seconds.
Begin MonoManager ReloadAssembly
Native extension for OSXStandalone target not found
Refreshing native plugins compatible for Editor in 0.96 ms, found 1 plugins.
Preloading 0 native plugins for Editor in 0.00 ms.
Mono: successfully reloaded assembly
- Completed reload, in  1.205 seconds
Platform modules already initialized, skipping
Switching build target platform(2) subTarget(0) extendedPlatform(0) -> platform(13) subTarget(537395200) extendedPlatform(0)
Shader 'Mikkel_LightMapped_1map': fallback shader 'VDiffuse' not found
Refreshing native plugins compatible for Editor in 1.12 ms, found 1 plugins.
Preloading 0 native plugins for Editor in 0.00 ms.
Unloading 2841 Unused Serialized files (Serialized files now loaded: 0)
System memory in use before: 221.8 MB.
System memory in use after: 222.0 MB.

Unloading 22 unused Assets to reduce memory usage. Loaded Objects now: 3352.
Total: 2.914086 ms (FindLiveObjects: 0.367894 ms CreateObjectMapping: 0.226878 ms MarkObjects: 2.294749 ms  DeleteObjects: 0.022997 ms)

AssetImportParameters requested are different than current active one (requested -> active):
  custom:graphics/normal-map-encoding: 01000000000000000000000000000000 -> 02000000000000000000000000000000
========================================================================
Received Prepare
Registering precompiled user dll's ...
Registered in 0.002515 seconds.
Begin MonoManager ReloadAssembly
Native extension for OSXStandalone target not found
Refreshing native plugins compatible for Editor in 0.97 ms, found 1 plugins.
Preloading 0 native plugins for Editor in 0.00 ms.
Mono: successfully reloaded assembly
- Completed reload, in  1.269 seconds
Platform modules already initialized, skipping
Switching build target platform(2) subTarget(0) extendedPlatform(0) -> platform(13) subTarget(537395200) extendedPlatform(0)
Shader 'Mikkel_LightMapped_1map': fallback shader 'VDiffuse' not found
Refreshing native plugins compatible for Editor in 0.98 ms, found 1 plugins.
Preloading 0 native plugins for Editor in 0.00 ms.
Unloading 2841 Unused Serialized files (Serialized files now loaded: 0)
System memory in use before: 222.0 MB.
System memory in use after: 222.2 MB.

Unloading 22 unused Assets to reduce memory usage. Loaded Objects now: 3355.
Total: 2.571598 ms (FindLiveObjects: 0.355523 ms CreateObjectMapping: 0.148795 ms MarkObjects: 2.047629 ms  DeleteObjects: 0.018741 ms)

AssetImportParameters requested are different than current active one (requested -> active):
  custom:graphics/normal-map-encoding: 01000000000000000000000000000000 -> 02000000000000000000000000000000
========================================================================
Received Prepare
Registering precompiled user dll's ...
Registered in 0.002183 seconds.
Begin MonoManager ReloadAssembly
Native extension for OSXStandalone target not found
Refreshing native plugins compatible for Editor in 1.07 ms, found 1 plugins.
Preloading 0 native plugins for Editor in 0.00 ms.
Mono: successfully reloaded assembly
- Completed reload, in  1.171 seconds
Platform modules already initialized, skipping
Switching build target platform(2) subTarget(0) extendedPlatform(0) -> platform(13) subTarget(537395200) extendedPlatform(0)
Shader 'Mikkel_LightMapped_1map': fallback shader 'VDiffuse' not found
Refreshing native plugins compatible for Editor in 1.42 ms, found 1 plugins.
Preloading 0 native plugins for Editor in 0.00 ms.
Unloading 2841 Unused Serialized files (Serialized files now loaded: 0)
System memory in use before: 222.3 MB.
System memory in use after: 222.5 MB.

Unloading 22 unused Assets to reduce memory usage. Loaded Objects now: 3358.
Total: 3.480681 ms (FindLiveObjects: 0.370620 ms CreateObjectMapping: 0.219320 ms MarkObjects: 2.862813 ms  DeleteObjects: 0.026300 ms)

AssetImportParameters requested are different than current active one (requested -> active):
  custom:graphics/normal-map-encoding: 01000000000000000000000000000000 -> 02000000000000000000000000000000
========================================================================
Received Prepare
Registering precompiled user dll's ...
Registered in 0.002043 seconds.
Begin MonoManager ReloadAssembly
Native extension for OSXStandalone target not found
Refreshing native plugins compatible for Editor in 0.98 ms, found 1 plugins.
Preloading 0 native plugins for Editor in 0.00 ms.
Mono: successfully reloaded assembly
- Completed reload, in  1.343 seconds
Platform modules already initialized, skipping
Switching build target platform(2) subTarget(0) extendedPlatform(0) -> platform(13) subTarget(537395200) extendedPlatform(0)
Shader 'Mikkel_LightMapped_1map': fallback shader 'VDiffuse' not found
Refreshing native plugins compatible for Editor in 1.03 ms, found 1 plugins.
Preloading 0 native plugins for Editor in 0.00 ms.
Unloading 2841 Unused Serialized files (Serialized files now loaded: 0)
System memory in use before: 222.5 MB.
System memory in use after: 222.7 MB.

Unloading 22 unused Assets to reduce memory usage. Loaded Objects now: 3361.
Total: 2.433733 ms (FindLiveObjects: 0.281518 ms CreateObjectMapping: 0.145863 ms MarkObjects: 1.986652 ms  DeleteObjects: 0.018846 ms)

AssetImportParameters requested are different than current active one (requested -> active):
  custom:graphics/normal-map-encoding: 01000000000000000000000000000000 -> 02000000000000000000000000000000
========================================================================
Received Prepare
Registering precompiled user dll's ...
Registered in 0.002073 seconds.
Begin MonoManager ReloadAssembly
Native extension for OSXStandalone target not found
Refreshing native plugins compatible for Editor in 0.94 ms, found 1 plugins.
Preloading 0 native plugins for Editor in 0.00 ms.
Mono: successfully reloaded assembly
- Completed reload, in  1.172 seconds
Platform modules already initialized, skipping
Switching build target platform(2) subTarget(0) extendedPlatform(0) -> platform(13) subTarget(537395200) extendedPlatform(0)
Shader 'Mikkel_LightMapped_1map': fallback shader 'VDiffuse' not found
Refreshing native plugins compatible for Editor in 1.15 ms, found 1 plugins.
Preloading 0 native plugins for Editor in 0.00 ms.
Unloading 2841 Unused Serialized files (Serialized files now loaded: 0)
System memory in use before: 222.8 MB.
System memory in use after: 223.0 MB.

Unloading 22 unused Assets to reduce memory usage. Loaded Objects now: 3364.
Total: 2.855687 ms (FindLiveObjects: 0.303254 ms CreateObjectMapping: 0.186756 ms MarkObjects: 2.338864 ms  DeleteObjects: 0.025137 ms)

AssetImportParameters requested are different than current active one (requested -> active):
  custom:graphics/normal-map-encoding: 01000000000000000000000000000000 -> 02000000000000000000000000000000
========================================================================
Received Prepare
Registering precompiled user dll's ...
Registered in 0.002013 seconds.
Begin MonoManager ReloadAssembly
Native extension for OSXStandalone target not found
Refreshing native plugins compatible for Editor in 1.21 ms, found 1 plugins.
Preloading 0 native plugins for Editor in 0.00 ms.
Mono: successfully reloaded assembly
- Completed reload, in  1.474 seconds
Platform modules already initialized, skipping
Switching build target platform(2) subTarget(0) extendedPlatform(0) -> platform(13) subTarget(537395200) extendedPlatform(0)
Shader 'Mikkel_LightMapped_1map': fallback shader 'VDiffuse' not found
Refreshing native plugins compatible for Editor in 1.92 ms, found 1 plugins.
Preloading 0 native plugins for Editor in 0.00 ms.
Unloading 2841 Unused Serialized files (Serialized files now loaded: 0)
System memory in use before: 223.0 MB.
System memory in use after: 223.2 MB.

Unloading 22 unused Assets to reduce memory usage. Loaded Objects now: 3367.
Total: 4.181739 ms (FindLiveObjects: 0.553218 ms CreateObjectMapping: 0.327990 ms MarkObjects: 3.266776 ms  DeleteObjects: 0.031938 ms)

AssetImportParameters requested are different than current active one (requested -> active):
  custom:graphics/normal-map-encoding: 01000000000000000000000000000000 -> 02000000000000000000000000000000
========================================================================
Received Prepare
Registering precompiled user dll's ...
Registered in 0.003504 seconds.
Begin MonoManager ReloadAssembly
Native extension for OSXStandalone target not found
Refreshing native plugins compatible for Editor in 0.94 ms, found 1 plugins.
Preloading 0 native plugins for Editor in 0.00 ms.
Mono: successfully reloaded assembly
- Completed reload, in  1.425 seconds
Platform modules already initialized, skipping
Switching build target platform(2) subTarget(0) extendedPlatform(0) -> platform(13) subTarget(537395200) extendedPlatform(0)
Shader 'Mikkel_LightMapped_1map': fallback shader 'VDiffuse' not found
Refreshing native plugins compatible for Editor in 1.27 ms, found 1 plugins.
Preloading 0 native plugins for Editor in 0.00 ms.
Unloading 2841 Unused Serialized files (Serialized files now loaded: 0)
System memory in use before: 223.2 MB.
System memory in use after: 223.5 MB.

Unloading 22 unused Assets to reduce memory usage. Loaded Objects now: 3370.
Total: 3.724018 ms (FindLiveObjects: 0.581320 ms CreateObjectMapping: 0.274598 ms MarkObjects: 2.841269 ms  DeleteObjects: 0.024225 ms)

AssetImportParameters requested are different than current active one (requested -> active):
  custom:graphics/normal-map-encoding: 01000000000000000000000000000000 -> 02000000000000000000000000000000
========================================================================
Received Prepare
Registering precompiled user dll's ...
Registered in 0.002077 seconds.
Begin MonoManager ReloadAssembly
Native extension for OSXStandalone target not found
Refreshing native plugins compatible for Editor in 1.08 ms, found 1 plugins.
Preloading 0 native plugins for Editor in 0.00 ms.
Mono: successfully reloaded assembly
- Completed reload, in  1.177 seconds
Platform modules already initialized, skipping
Switching build target platform(2) subTarget(0) extendedPlatform(0) -> platform(13) subTarget(537395200) extendedPlatform(0)
Shader 'Mikkel_LightMapped_1map': fallback shader 'VDiffuse' not found
Refreshing native plugins compatible for Editor in 0.98 ms, found 1 plugins.
Preloading 0 native plugins for Editor in 0.00 ms.
Unloading 2841 Unused Serialized files (Serialized files now loaded: 0)
System memory in use before: 223.5 MB.
System memory in use after: 223.7 MB.

Unloading 22 unused Assets to reduce memory usage. Loaded Objects now: 3373.
Total: 2.513854 ms (FindLiveObjects: 0.390517 ms CreateObjectMapping: 0.173339 ms MarkObjects: 1.927888 ms  DeleteObjects: 0.020815 ms)

AssetImportParameters requested are different than current active one (requested -> active):
  custom:graphics/normal-map-encoding: 01000000000000000000000000000000 -> 02000000000000000000000000000000
========================================================================
Received Prepare
Registering precompiled user dll's ...
Registered in 0.003075 seconds.
Begin MonoManager ReloadAssembly
Native extension for OSXStandalone target not found
Refreshing native plugins compatible for Editor in 1.66 ms, found 1 plugins.
Preloading 0 native plugins for Editor in 0.00 ms.
Mono: successfully reloaded assembly
- Completed reload, in  1.376 seconds
Platform modules already initialized, skipping
Switching build target platform(2) subTarget(0) extendedPlatform(0) -> platform(13) subTarget(537395200) extendedPlatform(0)
Shader 'Mikkel_LightMapped_1map': fallback shader 'VDiffuse' not found
Refreshing native plugins compatible for Editor in 0.97 ms, found 1 plugins.
Preloading 0 native plugins for Editor in 0.00 ms.
Unloading 2841 Unused Serialized files (Serialized files now loaded: 0)
System memory in use before: 223.7 MB.
System memory in use after: 223.9 MB.

Unloading 22 unused Assets to reduce memory usage. Loaded Objects now: 3376.
Total: 2.379546 ms (FindLiveObjects: 0.362716 ms CreateObjectMapping: 0.151235 ms MarkObjects: 1.848118 ms  DeleteObjects: 0.016541 ms)

AssetImportParameters requested are different than current active one (requested -> active):
  custom:graphics/normal-map-encoding: 01000000000000000000000000000000 -> 02000000000000000000000000000000
========================================================================
Received Prepare
Registering precompiled user dll's ...
Registered in 0.002051 seconds.
Begin MonoManager ReloadAssembly
Native extension for OSXStandalone target not found
Refreshing native plugins compatible for Editor in 1.48 ms, found 1 plugins.
Preloading 0 native plugins for Editor in 0.00 ms.
Mono: successfully reloaded assembly
- Completed reload, in  1.240 seconds
Platform modules already initialized, skipping
Switching build target platform(2) subTarget(0) extendedPlatform(0) -> platform(13) subTarget(537395200) extendedPlatform(0)
Shader 'Mikkel_LightMapped_1map': fallback shader 'VDiffuse' not found
Refreshing native plugins compatible for Editor in 1.53 ms, found 1 plugins.
Preloading 0 native plugins for Editor in 0.00 ms.
Unloading 2841 Unused Serialized files (Serialized files now loaded: 0)
System memory in use before: 224.0 MB.
System memory in use after: 224.2 MB.

Unloading 22 unused Assets to reduce memory usage. Loaded Objects now: 3379.
Total: 2.395912 ms (FindLiveObjects: 0.369113 ms CreateObjectMapping: 0.168029 ms MarkObjects: 1.839066 ms  DeleteObjects: 0.018509 ms)

AssetImportParameters requested are different than current active one (requested -> active):
  custom:graphics/normal-map-encoding: 01000000000000000000000000000000 -> 02000000000000000000000000000000
========================================================================
Received Prepare
Registering precompiled user dll's ...
Registered in 0.002381 seconds.
Begin MonoManager ReloadAssembly
Native extension for OSXStandalone target not found
Refreshing native plugins compatible for Editor in 0.97 ms, found 1 plugins.
Preloading 0 native plugins for Editor in 0.00 ms.
Mono: successfully reloaded assembly
- Completed reload, in  1.263 seconds
Platform modules already initialized, skipping
Switching build target platform(2) subTarget(0) extendedPlatform(0) -> platform(13) subTarget(537395200) extendedPlatform(0)
Shader 'Mikkel_LightMapped_1map': fallback shader 'VDiffuse' not found
Refreshing native plugins compatible for Editor in 1.13 ms, found 1 plugins.
Preloading 0 native plugins for Editor in 0.00 ms.
Unloading 2841 Unused Serialized files (Serialized files now loaded: 0)
System memory in use before: 224.2 MB.
System memory in use after: 224.4 MB.

Unloading 22 unused Assets to reduce memory usage. Loaded Objects now: 3382.
Total: 3.019924 ms (FindLiveObjects: 0.357859 ms CreateObjectMapping: 0.187534 ms MarkObjects: 2.447880 ms  DeleteObjects: 0.024799 ms)

AssetImportParameters requested are different than current active one (requested -> active):
  custom:graphics/normal-map-encoding: 01000000000000000000000000000000 -> 02000000000000000000000000000000
========================================================================
Received Prepare
Registering precompiled user dll's ...
Registered in 0.002275 seconds.
Begin MonoManager ReloadAssembly
Native extension for OSXStandalone target not found
Refreshing native plugins compatible for Editor in 0.98 ms, found 1 plugins.
Preloading 0 native plugins for Editor in 0.00 ms.
Mono: successfully reloaded assembly
- Completed reload, in  1.281 seconds
Platform modules already initialized, skipping
Switching build target platform(2) subTarget(0) extendedPlatform(0) -> platform(13) subTarget(537395200) extendedPlatform(0)
Shader 'Mikkel_LightMapped_1map': fallback shader 'VDiffuse' not found
Refreshing native plugins compatible for Editor in 1.12 ms, found 1 plugins.
Preloading 0 native plugins for Editor in 0.00 ms.
Unloading 2841 Unused Serialized files (Serialized files now loaded: 0)
System memory in use before: 224.5 MB.
System memory in use after: 224.7 MB.

Unloading 22 unused Assets to reduce memory usage. Loaded Objects now: 3385.
Total: 2.401073 ms (FindLiveObjects: 0.369463 ms CreateObjectMapping: 0.159369 ms MarkObjects: 1.852519 ms  DeleteObjects: 0.018362 ms)

AssetImportParameters requested are different than current active one (requested -> active):
  custom:graphics/normal-map-encoding: 01000000000000000000000000000000 -> 02000000000000000000000000000000
========================================================================
Received Prepare
Registering precompiled user dll's ...
Registered in 0.002998 seconds.
Begin MonoManager ReloadAssembly
Native extension for OSXStandalone target not found
Refreshing native plugins compatible for Editor in 0.95 ms, found 1 plugins.
Preloading 0 native plugins for Editor in 0.00 ms.
Mono: successfully reloaded assembly
- Completed reload, in  1.309 seconds
Platform modules already initialized, skipping
Switching build target platform(2) subTarget(0) extendedPlatform(0) -> platform(13) subTarget(537395200) extendedPlatform(0)
Shader 'Mikkel_LightMapped_1map': fallback shader 'VDiffuse' not found
Refreshing native plugins compatible for Editor in 1.33 ms, found 1 plugins.
Preloading 0 native plugins for Editor in 0.00 ms.
Unloading 2841 Unused Serialized files (Serialized files now loaded: 0)
System memory in use before: 224.7 MB.
System memory in use after: 224.9 MB.

Unloading 22 unused Assets to reduce memory usage. Loaded Objects now: 3388.
Total: 4.378313 ms (FindLiveObjects: 0.620898 ms CreateObjectMapping: 0.352071 ms MarkObjects: 3.368261 ms  DeleteObjects: 0.033935 ms)

AssetImportParameters requested are different than current active one (requested -> active):
  custom:graphics/normal-map-encoding: 01000000000000000000000000000000 -> 02000000000000000000000000000000
========================================================================
Received Prepare
Registering precompiled user dll's ...
Registered in 0.002439 seconds.
Begin MonoManager ReloadAssembly
Native extension for OSXStandalone target not found
Refreshing native plugins compatible for Editor in 0.95 ms, found 1 plugins.
Preloading 0 native plugins for Editor in 0.00 ms.
Mono: successfully reloaded assembly
- Completed reload, in  1.277 seconds
Platform modules already initialized, skipping
Switching build target platform(2) subTarget(0) extendedPlatform(0) -> platform(13) subTarget(537395200) extendedPlatform(0)
Shader 'Mikkel_LightMapped_1map': fallback shader 'VDiffuse' not found
Refreshing native plugins compatible for Editor in 0.95 ms, found 1 plugins.
Preloading 0 native plugins for Editor in 0.00 ms.
Unloading 2841 Unused Serialized files (Serialized files now loaded: 0)
System memory in use before: 224.9 MB.
System memory in use after: 225.2 MB.

Unloading 22 unused Assets to reduce memory usage. Loaded Objects now: 3391.
Total: 2.362719 ms (FindLiveObjects: 0.307272 ms CreateObjectMapping: 0.140346 ms MarkObjects: 1.893206 ms  DeleteObjects: 0.020802 ms)

AssetImportParameters requested are different than current active one (requested -> active):
  custom:graphics/normal-map-encoding: 01000000000000000000000000000000 -> 02000000000000000000000000000000
========================================================================
Received Prepare
Registering precompiled user dll's ...
Registered in 0.002929 seconds.
Begin MonoManager ReloadAssembly
Native extension for OSXStandalone target not found
Refreshing native plugins compatible for Editor in 1.29 ms, found 1 plugins.
Preloading 0 native plugins for Editor in 0.00 ms.
Mono: successfully reloaded assembly
- Completed reload, in  1.491 seconds
Platform modules already initialized, skipping
Switching build target platform(2) subTarget(0) extendedPlatform(0) -> platform(13) subTarget(537395200) extendedPlatform(0)
Shader 'Mikkel_LightMapped_1map': fallback shader 'VDiffuse' not found
Refreshing native plugins compatible for Editor in 1.01 ms, found 1 plugins.
Preloading 0 native plugins for Editor in 0.00 ms.
Unloading 2841 Unused Serialized files (Serialized files now loaded: 0)
System memory in use before: 225.2 MB.
System memory in use after: 225.4 MB.

Unloading 22 unused Assets to reduce memory usage. Loaded Objects now: 3394.
Total: 2.316667 ms (FindLiveObjects: 0.347511 ms CreateObjectMapping: 0.138826 ms MarkObjects: 1.811517 ms  DeleteObjects: 0.017673 ms)

AssetImportParameters requested are different than current active one (requested -> active):
  custom:graphics/normal-map-encoding: 01000000000000000000000000000000 -> 02000000000000000000000000000000
========================================================================
Received Prepare
Registering precompiled user dll's ...
Registered in 0.002646 seconds.
Begin MonoManager ReloadAssembly
Native extension for OSXStandalone target not found
Refreshing native plugins compatible for Editor in 0.97 ms, found 1 plugins.
Preloading 0 native plugins for Editor in 0.00 ms.
Mono: successfully reloaded assembly
- Completed reload, in  1.266 seconds
Platform modules already initialized, skipping
Switching build target platform(2) subTarget(0) extendedPlatform(0) -> platform(13) subTarget(537395200) extendedPlatform(0)
Shader 'Mikkel_LightMapped_1map': fallback shader 'VDiffuse' not found
Refreshing native plugins compatible for Editor in 0.97 ms, found 1 plugins.
Preloading 0 native plugins for Editor in 0.00 ms.
Unloading 2841 Unused Serialized files (Serialized files now loaded: 0)
System memory in use before: 225.4 MB.
System memory in use after: 225.7 MB.

Unloading 22 unused Assets to reduce memory usage. Loaded Objects now: 3397.
Total: 2.836891 ms (FindLiveObjects: 0.362121 ms CreateObjectMapping: 0.309925 ms MarkObjects: 2.141710 ms  DeleteObjects: 0.021379 ms)

AssetImportParameters requested are different than current active one (requested -> active):
  custom:graphics/normal-map-encoding: 01000000000000000000000000000000 -> 02000000000000000000000000000000
========================================================================
Received Prepare
Registering precompiled user dll's ...
Registered in 0.002281 seconds.
Begin MonoManager ReloadAssembly
Native extension for OSXStandalone target not found
Refreshing native plugins compatible for Editor in 1.33 ms, found 1 plugins.
Preloading 0 native plugins for Editor in 0.00 ms.
Mono: successfully reloaded assembly
- Completed reload, in  1.453 seconds
Platform modules already initialized, skipping
Switching build target platform(2) subTarget(0) extendedPlatform(0) -> platform(13) subTarget(537395200) extendedPlatform(0)
Shader 'Mikkel_LightMapped_1map': fallback shader 'VDiffuse' not found
Refreshing native plugins compatible for Editor in 1.02 ms, found 1 plugins.
Preloading 0 native plugins for Editor in 0.00 ms.
Unloading 2841 Unused Serialized files (Serialized files now loaded: 0)
System memory in use before: 225.7 MB.
System memory in use after: 225.9 MB.

Unloading 22 unused Assets to reduce memory usage. Loaded Objects now: 3400.
Total: 3.646667 ms (FindLiveObjects: 0.329696 ms CreateObjectMapping: 0.173952 ms MarkObjects: 3.080698 ms  DeleteObjects: 0.042766 ms)

AssetImportParameters requested are different than current active one (requested -> active):
  custom:graphics/normal-map-encoding: 01000000000000000000000000000000 -> 02000000000000000000000000000000
========================================================================
Received Prepare
Registering precompiled user dll's ...
Registered in 0.002119 seconds.
Begin MonoManager ReloadAssembly
Native extension for OSXStandalone target not found
Refreshing native plugins compatible for Editor in 0.95 ms, found 1 plugins.
Preloading 0 native plugins for Editor in 0.00 ms.
Mono: successfully reloaded assembly
- Completed reload, in  1.250 seconds
Platform modules already initialized, skipping
Switching build target platform(2) subTarget(0) extendedPlatform(0) -> platform(13) subTarget(537395200) extendedPlatform(0)
Shader 'Mikkel_LightMapped_1map': fallback shader 'VDiffuse' not found
Refreshing native plugins compatible for Editor in 0.96 ms, found 1 plugins.
Preloading 0 native plugins for Editor in 0.00 ms.
Unloading 2841 Unused Serialized files (Serialized files now loaded: 0)
System memory in use before: 225.9 MB.
System memory in use after: 226.1 MB.

Unloading 22 unused Assets to reduce memory usage. Loaded Objects now: 3403.
Total: 2.306126 ms (FindLiveObjects: 0.350214 ms CreateObjectMapping: 0.141832 ms MarkObjects: 1.794811 ms  DeleteObjects: 0.018171 ms)

AssetImportParameters requested are different than current active one (requested -> active):
  custom:graphics/normal-map-encoding: 01000000000000000000000000000000 -> 02000000000000000000000000000000
========================================================================
Received Prepare
Registering precompiled user dll's ...
Registered in 0.002444 seconds.
Begin MonoManager ReloadAssembly
Native extension for OSXStandalone target not found
Refreshing native plugins compatible for Editor in 1.03 ms, found 1 plugins.
Preloading 0 native plugins for Editor in 0.00 ms.
Mono: successfully reloaded assembly
- Completed reload, in  1.348 seconds
Platform modules already initialized, skipping
Switching build target platform(2) subTarget(0) extendedPlatform(0) -> platform(13) subTarget(537395200) extendedPlatform(0)
Shader 'Mikkel_LightMapped_1map': fallback shader 'VDiffuse' not found
Refreshing native plugins compatible for Editor in 0.95 ms, found 1 plugins.
Preloading 0 native plugins for Editor in 0.00 ms.
Unloading 2841 Unused Serialized files (Serialized files now loaded: 0)
System memory in use before: 226.2 MB.
System memory in use after: 226.4 MB.

Unloading 22 unused Assets to reduce memory usage. Loaded Objects now: 3406.
Total: 3.936916 ms (FindLiveObjects: 0.718676 ms CreateObjectMapping: 0.314813 ms MarkObjects: 2.870315 ms  DeleteObjects: 0.030273 ms)

AssetImportParameters requested are different than current active one (requested -> active):
  custom:graphics/normal-map-encoding: 01000000000000000000000000000000 -> 02000000000000000000000000000000
========================================================================
Received Prepare
Registering precompiled user dll's ...
Registered in 0.002414 seconds.
Begin MonoManager ReloadAssembly
Native extension for OSXStandalone target not found
Refreshing native plugins compatible for Editor in 0.98 ms, found 1 plugins.
Preloading 0 native plugins for Editor in 0.00 ms.
Mono: successfully reloaded assembly
- Completed reload, in  1.280 seconds
Platform modules already initialized, skipping
Switching build target platform(2) subTarget(0) extendedPlatform(0) -> platform(13) subTarget(537395200) extendedPlatform(0)
Shader 'Mikkel_LightMapped_1map': fallback shader 'VDiffuse' not found
Refreshing native plugins compatible for Editor in 0.95 ms, found 1 plugins.
Preloading 0 native plugins for Editor in 0.00 ms.
Unloading 2841 Unused Serialized files (Serialized files now loaded: 0)
System memory in use before: 226.4 MB.
System memory in use after: 226.6 MB.

Unloading 22 unused Assets to reduce memory usage. Loaded Objects now: 3409.
Total: 2.611958 ms (FindLiveObjects: 0.401850 ms CreateObjectMapping: 0.198802 ms MarkObjects: 1.989570 ms  DeleteObjects: 0.019325 ms)

AssetImportParameters requested are different than current active one (requested -> active):
  custom:graphics/normal-map-encoding: 01000000000000000000000000000000 -> 02000000000000000000000000000000
========================================================================
Received Prepare
Registering precompiled user dll's ...
Registered in 0.002368 seconds.
Begin MonoManager ReloadAssembly
Native extension for OSXStandalone target not found
Refreshing native plugins compatible for Editor in 1.16 ms, found 1 plugins.
Preloading 0 native plugins for Editor in 0.00 ms.
Mono: successfully reloaded assembly
- Completed reload, in  1.351 seconds
Platform modules already initialized, skipping
Switching build target platform(2) subTarget(0) extendedPlatform(0) -> platform(13) subTarget(537395200) extendedPlatform(0)
Shader 'Mikkel_LightMapped_1map': fallback shader 'VDiffuse' not found
Refreshing native plugins compatible for Editor in 0.95 ms, found 1 plugins.
Preloading 0 native plugins for Editor in 0.00 ms.
Unloading 2841 Unused Serialized files (Serialized files now loaded: 0)
System memory in use before: 226.6 MB.
System memory in use after: 226.9 MB.

Unloading 22 unused Assets to reduce memory usage. Loaded Objects now: 3412.
Total: 4.049937 ms (FindLiveObjects: 0.458350 ms CreateObjectMapping: 0.264870 ms MarkObjects: 3.286942 ms  DeleteObjects: 0.034372 ms)

AssetImportParameters requested are different than current active one (requested -> active):
  custom:graphics/normal-map-encoding: 01000000000000000000000000000000 -> 02000000000000000000000000000000
========================================================================
Received Prepare
Registering precompiled user dll's ...
Registered in 0.026280 seconds.
Begin MonoManager ReloadAssembly
Native extension for OSXStandalone target not found
Refreshing native plugins compatible for Editor in 2.41 ms, found 1 plugins.
Preloading 0 native plugins for Editor in 0.00 ms.
Mono: successfully reloaded assembly
- Completed reload, in  5.155 seconds
Platform modules already initialized, skipping
Switching build target platform(2) subTarget(0) extendedPlatform(0) -> platform(13) subTarget(537395200) extendedPlatform(0)
Shader 'Mikkel_LightMapped_1map': fallback shader 'VDiffuse' not found
Refreshing native plugins compatible for Editor in 1.46 ms, found 1 plugins.
Preloading 0 native plugins for Editor in 0.00 ms.
Unloading 2841 Unused Serialized files (Serialized files now loaded: 0)
System memory in use before: 227.2 MB.
System memory in use after: 227.5 MB.

Unloading 22 unused Assets to reduce memory usage. Loaded Objects now: 3415.
Total: 5.956011 ms (FindLiveObjects: 0.397199 ms CreateObjectMapping: 0.171745 ms MarkObjects: 5.331554 ms  DeleteObjects: 0.053222 ms)

AssetImportParameters requested are different than current active one (requested -> active):
  custom:graphics/normal-map-encoding: 01000000000000000000000000000000 -> 02000000000000000000000000000000
========================================================================
Received Prepare
Registering precompiled user dll's ...
Registered in 0.002930 seconds.
Begin MonoManager ReloadAssembly
Native extension for OSXStandalone target not found
Refreshing native plugins compatible for Editor in 1.09 ms, found 1 plugins.
Preloading 0 native plugins for Editor in 0.00 ms.
Mono: successfully reloaded assembly
- Completed reload, in  1.677 seconds
Platform modules already initialized, skipping
Switching build target platform(2) subTarget(0) extendedPlatform(0) -> platform(13) subTarget(537395200) extendedPlatform(0)
Shader 'Mikkel_LightMapped_1map': fallback shader 'VDiffuse' not found
Refreshing native plugins compatible for Editor in 0.97 ms, found 1 plugins.
Preloading 0 native plugins for Editor in 0.00 ms.
Unloading 2841 Unused Serialized files (Serialized files now loaded: 0)
System memory in use before: 230.5 MB.
System memory in use after: 230.7 MB.

Unloading 22 unused Assets to reduce memory usage. Loaded Objects now: 3418.
Total: 4.032415 ms (FindLiveObjects: 0.526207 ms CreateObjectMapping: 0.249298 ms MarkObjects: 3.201948 ms  DeleteObjects: 0.052478 ms)

AssetImportParameters requested are different than current active one (requested -> active):
  custom:graphics/normal-map-encoding: 01000000000000000000000000000000 -> 02000000000000000000000000000000
========================================================================
Received Prepare
Registering precompiled user dll's ...
Registered in 0.002845 seconds.
Begin MonoManager ReloadAssembly
Native extension for OSXStandalone target not found
Refreshing native plugins compatible for Editor in 0.99 ms, found 1 plugins.
Preloading 0 native plugins for Editor in 0.00 ms.
Mono: successfully reloaded assembly
- Completed reload, in  1.513 seconds
Platform modules already initialized, skipping
Switching build target platform(2) subTarget(0) extendedPlatform(0) -> platform(13) subTarget(537395200) extendedPlatform(0)
Shader 'Mikkel_LightMapped_1map': fallback shader 'VDiffuse' not found
Refreshing native plugins compatible for Editor in 1.09 ms, found 1 plugins.
Preloading 0 native plugins for Editor in 0.00 ms.
Unloading 2841 Unused Serialized files (Serialized files now loaded: 0)
System memory in use before: 230.7 MB.
System memory in use after: 230.9 MB.

Unloading 22 unused Assets to reduce memory usage. Loaded Objects now: 3421.
Total: 3.253874 ms (FindLiveObjects: 0.582247 ms CreateObjectMapping: 0.387934 ms MarkObjects: 2.259439 ms  DeleteObjects: 0.022869 ms)

AssetImportParameters requested are different than current active one (requested -> active):
  custom:graphics/normal-map-encoding: 01000000000000000000000000000000 -> 02000000000000000000000000000000
========================================================================
Received Prepare
Registering precompiled user dll's ...
Registered in 0.002213 seconds.
Begin MonoManager ReloadAssembly
Native extension for OSXStandalone target not found
Refreshing native plugins compatible for Editor in 1.41 ms, found 1 plugins.
Preloading 0 native plugins for Editor in 0.00 ms.
Mono: successfully reloaded assembly
- Completed reload, in  1.339 seconds
Platform modules already initialized, skipping
Switching build target platform(2) subTarget(0) extendedPlatform(0) -> platform(13) subTarget(537395200) extendedPlatform(0)
Shader 'Mikkel_LightMapped_1map': fallback shader 'VDiffuse' not found
Refreshing native plugins compatible for Editor in 0.96 ms, found 1 plugins.
Preloading 0 native plugins for Editor in 0.00 ms.
Unloading 2841 Unused Serialized files (Serialized files now loaded: 0)
System memory in use before: 231.0 MB.
System memory in use after: 231.2 MB.

Unloading 22 unused Assets to reduce memory usage. Loaded Objects now: 3424.
Total: 2.380987 ms (FindLiveObjects: 0.366196 ms CreateObjectMapping: 0.171050 ms MarkObjects: 1.824391 ms  DeleteObjects: 0.018091 ms)

AssetImportParameters requested are different than current active one (requested -> active):
  custom:graphics/normal-map-encoding: 01000000000000000000000000000000 -> 02000000000000000000000000000000
========================================================================
Received Prepare
Registering precompiled user dll's ...
Registered in 0.002235 seconds.
Begin MonoManager ReloadAssembly
Native extension for OSXStandalone target not found
Refreshing native plugins compatible for Editor in 0.96 ms, found 1 plugins.
Preloading 0 native plugins for Editor in 0.00 ms.
Mono: successfully reloaded assembly
- Completed reload, in  1.293 seconds
Platform modules already initialized, skipping
Switching build target platform(2) subTarget(0) extendedPlatform(0) -> platform(13) subTarget(537395200) extendedPlatform(0)
Shader 'Mikkel_LightMapped_1map': fallback shader 'VDiffuse' not found
Refreshing native plugins compatible for Editor in 1.03 ms, found 1 plugins.
Preloading 0 native plugins for Editor in 0.00 ms.
Unloading 2841 Unused Serialized files (Serialized files now loaded: 0)
System memory in use before: 231.3 MB.
System memory in use after: 231.5 MB.

Unloading 22 unused Assets to reduce memory usage. Loaded Objects now: 3427.
Total: 2.313334 ms (FindLiveObjects: 0.356869 ms CreateObjectMapping: 0.129954 ms MarkObjects: 1.805974 ms  DeleteObjects: 0.019811 ms)

AssetImportParameters requested are different than current active one (requested -> active):
  custom:graphics/normal-map-encoding: 01000000000000000000000000000000 -> 02000000000000000000000000000000
========================================================================
Received Prepare
Registering precompiled user dll's ...
Registered in 0.002054 seconds.
Begin MonoManager ReloadAssembly
Native extension for OSXStandalone target not found
Refreshing native plugins compatible for Editor in 0.95 ms, found 1 plugins.
Preloading 0 native plugins for Editor in 0.00 ms.
Mono: successfully reloaded assembly
- Completed reload, in  1.289 seconds
Platform modules already initialized, skipping
Switching build target platform(2) subTarget(0) extendedPlatform(0) -> platform(13) subTarget(537395200) extendedPlatform(0)
Shader 'Mikkel_LightMapped_1map': fallback shader 'VDiffuse' not found
Refreshing native plugins compatible for Editor in 0.92 ms, found 1 plugins.
Preloading 0 native plugins for Editor in 0.00 ms.
Unloading 2841 Unused Serialized files (Serialized files now loaded: 0)
System memory in use before: 231.5 MB.
System memory in use after: 231.7 MB.

Unloading 22 unused Assets to reduce memory usage. Loaded Objects now: 3430.
Total: 3.655424 ms (FindLiveObjects: 0.561596 ms CreateObjectMapping: 0.277751 ms MarkObjects: 2.789451 ms  DeleteObjects: 0.024079 ms)

AssetImportParameters requested are different than current active one (requested -> active):
  custom:graphics/normal-map-encoding: 01000000000000000000000000000000 -> 02000000000000000000000000000000
========================================================================
Received Prepare
Registering precompiled user dll's ...
Registered in 0.002504 seconds.
Begin MonoManager ReloadAssembly
Native extension for OSXStandalone target not found
Refreshing native plugins compatible for Editor in 1.75 ms, found 1 plugins.
Preloading 0 native plugins for Editor in 0.00 ms.
Mono: successfully reloaded assembly
- Completed reload, in  1.655 seconds
Platform modules already initialized, skipping
Switching build target platform(2) subTarget(0) extendedPlatform(0) -> platform(13) subTarget(537395200) extendedPlatform(0)
Shader 'Mikkel_LightMapped_1map': fallback shader 'VDiffuse' not found
Refreshing native plugins compatible for Editor in 0.95 ms, found 1 plugins.
Preloading 0 native plugins for Editor in 0.00 ms.
Unloading 2841 Unused Serialized files (Serialized files now loaded: 0)
System memory in use before: 231.8 MB.
System memory in use after: 232.0 MB.

Unloading 22 unused Assets to reduce memory usage. Loaded Objects now: 3433.
Total: 3.891189 ms (FindLiveObjects: 0.317767 ms CreateObjectMapping: 0.164360 ms MarkObjects: 3.369484 ms  DeleteObjects: 0.027072 ms)

AssetImportParameters requested are different than current active one (requested -> active):
  custom:graphics/normal-map-encoding: 01000000000000000000000000000000 -> 02000000000000000000000000000000
========================================================================
Received Prepare
Registering precompiled user dll's ...
Registered in 0.002332 seconds.
Begin MonoManager ReloadAssembly
Native extension for OSXStandalone target not found
Refreshing native plugins compatible for Editor in 1.16 ms, found 1 plugins.
Preloading 0 native plugins for Editor in 0.00 ms.
Mono: successfully reloaded assembly
- Completed reload, in  1.526 seconds
Platform modules already initialized, skipping
Switching build target platform(2) subTarget(0) extendedPlatform(0) -> platform(13) subTarget(537395200) extendedPlatform(0)
Shader 'Mikkel_LightMapped_1map': fallback shader 'VDiffuse' not found
Refreshing native plugins compatible for Editor in 0.97 ms, found 1 plugins.
Preloading 0 native plugins for Editor in 0.00 ms.
Unloading 2841 Unused Serialized files (Serialized files now loaded: 0)
System memory in use before: 232.0 MB.
System memory in use after: 232.2 MB.

Unloading 22 unused Assets to reduce memory usage. Loaded Objects now: 3436.
Total: 2.902880 ms (FindLiveObjects: 0.308928 ms CreateObjectMapping: 0.167836 ms MarkObjects: 2.401490 ms  DeleteObjects: 0.023439 ms)

AssetImportParameters requested are different than current active one (requested -> active):
  custom:graphics/normal-map-encoding: 01000000000000000000000000000000 -> 02000000000000000000000000000000
========================================================================
Received Prepare
Registering precompiled user dll's ...
Registered in 0.002610 seconds.
Begin MonoManager ReloadAssembly
Native extension for OSXStandalone target not found
Refreshing native plugins compatible for Editor in 1.10 ms, found 1 plugins.
Preloading 0 native plugins for Editor in 0.00 ms.
Mono: successfully reloaded assembly
- Completed reload, in  1.366 seconds
Platform modules already initialized, skipping
Switching build target platform(2) subTarget(0) extendedPlatform(0) -> platform(13) subTarget(537395200) extendedPlatform(0)
Shader 'Mikkel_LightMapped_1map': fallback shader 'VDiffuse' not found
Refreshing native plugins compatible for Editor in 0.97 ms, found 1 plugins.
Preloading 0 native plugins for Editor in 0.00 ms.
Unloading 2841 Unused Serialized files (Serialized files now loaded: 0)
System memory in use before: 232.3 MB.
System memory in use after: 232.5 MB.

Unloading 22 unused Assets to reduce memory usage. Loaded Objects now: 3439.
Total: 2.710225 ms (FindLiveObjects: 0.336103 ms CreateObjectMapping: 0.198131 ms MarkObjects: 2.150066 ms  DeleteObjects: 0.024159 ms)

AssetImportParameters requested are different than current active one (requested -> active):
  custom:graphics/normal-map-encoding: 01000000000000000000000000000000 -> 02000000000000000000000000000000
========================================================================
Received Prepare
Registering precompiled user dll's ...
Registered in 0.002482 seconds.
Begin MonoManager ReloadAssembly
Native extension for OSXStandalone target not found
Refreshing native plugins compatible for Editor in 1.10 ms, found 1 plugins.
Preloading 0 native plugins for Editor in 0.00 ms.
Mono: successfully reloaded assembly
- Completed reload, in  1.482 seconds
Platform modules already initialized, skipping
Switching build target platform(2) subTarget(0) extendedPlatform(0) -> platform(13) subTarget(537395200) extendedPlatform(0)
Shader 'Mikkel_LightMapped_1map': fallback shader 'VDiffuse' not found
Refreshing native plugins compatible for Editor in 1.01 ms, found 1 plugins.
Preloading 0 native plugins for Editor in 0.00 ms.
Unloading 2841 Unused Serialized files (Serialized files now loaded: 0)
System memory in use before: 232.5 MB.
System memory in use after: 232.7 MB.

Unloading 22 unused Assets to reduce memory usage. Loaded Objects now: 3442.
Total: 2.382002 ms (FindLiveObjects: 0.310985 ms CreateObjectMapping: 0.160444 ms MarkObjects: 1.890769 ms  DeleteObjects: 0.018779 ms)

AssetImportParameters requested are different than current active one (requested -> active):
  custom:graphics/normal-map-encoding: 01000000000000000000000000000000 -> 02000000000000000000000000000000
